2023-04-02T00:22:28.559+05:30  INFO 16728 --- [Test worker] c.d.s.SpringBootApp1ApplicationTests     : Starting SpringBootApp1ApplicationTests using Java 17.0.4.1 with PID 16728 (started by Tiaa User in C:\MyWorkspace\springbootapp1\springbootapp1\springboot-ws)
2023-04-02T00:22:28.562+05:30  INFO 16728 --- [Test worker] c.d.s.SpringBootApp1ApplicationTests     : No active profile set, falling back to 1 default profile: "default"
2023-04-02T00:22:30.790+05:30  INFO 16728 --- [Test worker] o.s.b.t.m.w.SpringBootMockServletContext : Initializing Spring TestDispatcherServlet ''
2023-04-02T00:22:30.791+05:30  INFO 16728 --- [Test worker] o.s.t.web.servlet.TestDispatcherServlet  : Initializing Servlet ''
2023-04-02T00:22:30.795+05:30  INFO 16728 --- [Test worker] o.s.t.web.servlet.TestDispatcherServlet  : Completed initialization in 2 ms
2023-04-02T00:22:30.844+05:30  INFO 16728 --- [Test worker] c.d.s.SpringBootApp1ApplicationTests     : Started SpringBootApp1ApplicationTests in 2.699 seconds (process running for 4.61)
2023-04-02T00:22:30.863+05:30  INFO 16728 --- [Test worker] c.d.s.SpringBootApp1Application          : Load data into mongo collection, Current Employee collection size: 0
2023-04-02T00:23:05.668+05:30  INFO 10668 --- [Test worker] c.d.s.SpringBootApp1ApplicationTests     : Starting SpringBootApp1ApplicationTests using Java 17.0.4.1 with PID 10668 (started by Tiaa User in C:\MyWorkspace\springbootapp1\springbootapp1\springboot-ws)
2023-04-02T00:23:05.671+05:30  INFO 10668 --- [Test worker] c.d.s.SpringBootApp1ApplicationTests     : No active profile set, falling back to 1 default profile: "default"
2023-04-02T00:23:07.660+05:30  INFO 10668 --- [Test worker] o.s.b.t.m.w.SpringBootMockServletContext : Initializing Spring TestDispatcherServlet ''
2023-04-02T00:23:07.661+05:30  INFO 10668 --- [Test worker] o.s.t.web.servlet.TestDispatcherServlet  : Initializing Servlet ''
2023-04-02T00:23:07.670+05:30  INFO 10668 --- [Test worker] o.s.t.web.servlet.TestDispatcherServlet  : Completed initialization in 7 ms
2023-04-02T00:23:07.778+05:30  INFO 10668 --- [Test worker] c.d.s.SpringBootApp1ApplicationTests     : Started SpringBootApp1ApplicationTests in 2.432 seconds (process running for 3.636)
2023-04-02T00:23:07.806+05:30  INFO 10668 --- [Test worker] c.d.s.SpringBootApp1Application          : Load data into mongo collection, Current Employee collection size: 0
2023-04-02T00:26:38.384+05:30  INFO 9688 --- [Test worker] c.d.s.SpringBootApp1ApplicationTests     : Starting SpringBootApp1ApplicationTests using Java 17.0.4.1 with PID 9688 (started by Tiaa User in C:\MyWorkspace\springbootapp1\springbootapp1\springboot-ws)
2023-04-02T00:26:38.386+05:30  INFO 9688 --- [Test worker] c.d.s.SpringBootApp1ApplicationTests     : No active profile set, falling back to 1 default profile: "default"
2023-04-02T00:26:40.787+05:30  INFO 9688 --- [Test worker] o.s.b.t.m.w.SpringBootMockServletContext : Initializing Spring TestDispatcherServlet ''
2023-04-02T00:26:40.788+05:30  INFO 9688 --- [Test worker] o.s.t.web.servlet.TestDispatcherServlet  : Initializing Servlet ''
2023-04-02T00:26:40.791+05:30  INFO 9688 --- [Test worker] o.s.t.web.servlet.TestDispatcherServlet  : Completed initialization in 2 ms
2023-04-02T00:26:40.840+05:30  INFO 9688 --- [Test worker] c.d.s.SpringBootApp1ApplicationTests     : Started SpringBootApp1ApplicationTests in 2.821 seconds (process running for 4.119)
2023-04-02T00:26:40.860+05:30  INFO 9688 --- [Test worker] c.d.s.SpringBootApp1Application          : Load data into mongo collection, Current Employee collection size: 0
2023-04-02T00:28:39.895+05:30  INFO 6508 --- [Test worker] c.d.s.SpringBootApp1ApplicationTests     : Starting SpringBootApp1ApplicationTests using Java 17.0.4.1 with PID 6508 (started by Tiaa User in C:\MyWorkspace\springbootapp1\springbootapp1\springboot-ws)
2023-04-02T00:28:39.898+05:30  INFO 6508 --- [Test worker] c.d.s.SpringBootApp1ApplicationTests     : No active profile set, falling back to 1 default profile: "default"
2023-04-02T00:28:42.160+05:30  INFO 6508 --- [Test worker] o.s.b.t.m.w.SpringBootMockServletContext : Initializing Spring TestDispatcherServlet ''
2023-04-02T00:28:42.161+05:30  INFO 6508 --- [Test worker] o.s.t.web.servlet.TestDispatcherServlet  : Initializing Servlet ''
2023-04-02T00:28:42.164+05:30  INFO 6508 --- [Test worker] o.s.t.web.servlet.TestDispatcherServlet  : Completed initialization in 2 ms
2023-04-02T00:28:42.207+05:30  INFO 6508 --- [Test worker] c.d.s.SpringBootApp1ApplicationTests     : Started SpringBootApp1ApplicationTests in 2.665 seconds (process running for 4.431)
2023-04-02T00:28:42.226+05:30  INFO 6508 --- [Test worker] c.d.s.SpringBootApp1Application          : Load data into mongo collection, Current Employee collection size: 0
